Array
(
    [json] => {"draw":1,"columns":[{"data":0,"name":"","searchable":true,"orderable":true,"search":{"value":"","regex":false,"fixed":[]}},{"data":1,"name":"","searchable":true,"orderable":true,"search":{"value":"","regex":false,"fixed":[]}},{"data":2,"name":"","searchable":true,"orderable":true,"search":{"value":"","regex":false,"fixed":[]}},{"data":3,"name":"","searchable":true,"orderable":true,"search":{"value":"","regex":false,"fixed":[]}}],"order":[],"start":0,"length":50,"search":{"value":"","regex":false,"fixed":[]}}
)
Array
(
    [json] => {"draw":1,"columns":[{"data":0,"name":"","searchable":true,"orderable":true,"search":{"value":"","regex":false,"fixed":[]}},{"data":1,"name":"","searchable":true,"orderable":true,"search":{"value":"","regex":false,"fixed":[]}},{"data":2,"name":"","searchable":true,"orderable":true,"search":{"value":"","regex":false,"fixed":[]}},{"data":3,"name":"","searchable":true,"orderable":true,"search":{"value":"","regex":false,"fixed":[]}}],"order":[],"start":0,"length":50,"search":{"value":"","regex":false,"fixed":[]}}
)
Array
(
    [json] => {"draw":1,"columns":[{"data":0,"name":"","searchable":true,"orderable":true,"search":{"value":"","regex":false,"fixed":[]}},{"data":1,"name":"","searchable":true,"orderable":true,"search":{"value":"","regex":false,"fixed":[]}},{"data":2,"name":"","searchable":true,"orderable":true,"search":{"value":"","regex":false,"fixed":[]}},{"data":3,"name":"","searchable":true,"orderable":true,"search":{"value":"","regex":false,"fixed":[]}}],"order":[],"start":0,"length":50,"search":{"value":"","regex":false,"fixed":[]}}
)
Array
(
    [json] => {"draw":1,"columns":[{"data":0,"name":"","searchable":true,"orderable":true,"search":{"value":"","regex":false,"fixed":[]}},{"data":1,"name":"","searchable":true,"orderable":true,"search":{"value":"","regex":false,"fixed":[]}},{"data":2,"name":"","searchable":true,"orderable":true,"search":{"value":"","regex":false,"fixed":[]}}],"order":[],"start":0,"length":50,"search":{"value":"","regex":false,"fixed":[]}}
)
Array
(
    [json] => {"draw":1,"columns":[{"data":0,"name":"","searchable":true,"orderable":true,"search":{"value":"","regex":false,"fixed":[]}},{"data":1,"name":"","searchable":true,"orderable":true,"search":{"value":"","regex":false,"fixed":[]}},{"data":2,"name":"","searchable":true,"orderable":true,"search":{"value":"","regex":false,"fixed":[]}}],"order":[],"start":0,"length":50,"search":{"value":"","regex":false,"fixed":[]}}
)
Array
(
    [json] => {"draw":1,"columns":[{"data":0,"name":"","searchable":true,"orderable":true,"search":{"value":"","regex":false,"fixed":[]}},{"data":1,"name":"","searchable":true,"orderable":true,"search":{"value":"","regex":false,"fixed":[]}},{"data":2,"name":"","searchable":true,"orderable":true,"search":{"value":"","regex":false,"fixed":[]}}],"order":[],"start":0,"length":50,"search":{"value":"","regex":false,"fixed":[]}}
)
Array
(
    [json] => {"draw":1,"columns":[{"data":0,"name":"","searchable":true,"orderable":true,"search":{"value":"","regex":false,"fixed":[]}},{"data":1,"name":"","searchable":true,"orderable":true,"search":{"value":"","regex":false,"fixed":[]}},{"data":2,"name":"","searchable":true,"orderable":true,"search":{"value":"","regex":false,"fixed":[]}}],"order":[],"start":0,"length":50,"search":{"value":"","regex":false,"fixed":[]}}
)
Array
(
)
Array
(
)
Array
(
    [json] => {"draw":1,"columns":[{"data":0,"name":"","searchable":true,"orderable":true,"search":{"value":"","regex":false,"fixed":[]}},{"data":1,"name":"","searchable":true,"orderable":true,"search":{"value":"","regex":false,"fixed":[]}},{"data":2,"name":"","searchable":true,"orderable":true,"search":{"value":"","regex":false,"fixed":[]}}],"order":[],"start":0,"length":50,"search":{"value":"","regex":false,"fixed":[]}}
)
Array
(
    [json] => {"draw":1,"columns":[{"data":0,"name":"","searchable":true,"orderable":true,"search":{"value":"","regex":false,"fixed":[]}},{"data":1,"name":"","searchable":true,"orderable":true,"search":{"value":"","regex":false,"fixed":[]}},{"data":2,"name":"","searchable":true,"orderable":true,"search":{"value":"","regex":false,"fixed":[]}}],"order":[],"start":0,"length":50,"search":{"value":"","regex":false,"fixed":[]}}
)
Array
(
    [json] => {"draw":1,"columns":[{"data":0,"name":"","searchable":true,"orderable":true,"search":{"value":"","regex":false,"fixed":[]}},{"data":1,"name":"","searchable":true,"orderable":true,"search":{"value":"","regex":false,"fixed":[]}},{"data":2,"name":"","searchable":true,"orderable":true,"search":{"value":"","regex":false,"fixed":[]}}],"order":[],"start":0,"length":50,"search":{"value":"","regex":false,"fixed":[]}}
)
Array
(
    [json] => {"draw":4,"columns":[{"data":0,"name":"","searchable":true,"orderable":true,"search":{"value":"","regex":false,"fixed":[]}},{"data":1,"name":"","searchable":true,"orderable":true,"search":{"value":"","regex":false,"fixed":[]}},{"data":2,"name":"","searchable":true,"orderable":true,"search":{"value":"","regex":false,"fixed":[]}}],"order":[],"start":460,"length":50,"search":{"value":"","regex":false,"fixed":[]}}
)
Array
(
    [json] => {"draw":5,"columns":[{"data":0,"name":"","searchable":true,"orderable":true,"search":{"value":"","regex":false,"fixed":[]}},{"data":1,"name":"","searchable":true,"orderable":true,"search":{"value":"","regex":false,"fixed":[]}},{"data":2,"name":"","searchable":true,"orderable":true,"search":{"value":"","regex":false,"fixed":[]}}],"order":[],"start":0,"length":50,"search":{"value":"","regex":false,"fixed":[]}}
)
Array
(
    [json] => {"draw":8,"columns":[{"data":0,"name":"","searchable":true,"orderable":true,"search":{"value":"","regex":false,"fixed":[]}},{"data":1,"name":"","searchable":true,"orderable":true,"search":{"value":"","regex":false,"fixed":[]}},{"data":2,"name":"","searchable":true,"orderable":true,"search":{"value":"","regex":false,"fixed":[]}}],"order":[],"start":460,"length":50,"search":{"value":"","regex":false,"fixed":[]}}
)
Array
(
    [json] => {"draw":9,"columns":[{"data":0,"name":"","searchable":true,"orderable":true,"search":{"value":"","regex":false,"fixed":[]}},{"data":1,"name":"","searchable":true,"orderable":true,"search":{"value":"","regex":false,"fixed":[]}},{"data":2,"name":"","searchable":true,"orderable":true,"search":{"value":"","regex":false,"fixed":[]}}],"order":[],"start":0,"length":50,"search":{"value":"","regex":false,"fixed":[]}}
)
Array
(
    [json] => {"draw":11,"columns":[{"data":0,"name":"","searchable":true,"orderable":true,"search":{"value":"","regex":false,"fixed":[]}},{"data":1,"name":"","searchable":true,"orderable":true,"search":{"value":"","regex":false,"fixed":[]}},{"data":2,"name":"","searchable":true,"orderable":true,"search":{"value":"","regex":false,"fixed":[]}}],"order":[],"start":460,"length":50,"search":{"value":"","regex":false,"fixed":[]}}
)
